<?xml version="1.0" encoding="UTF-8"?>
<testng-results ignored="0" total="0" passed="0" failed="0" skipped="0">
  <reporter-output>
  </reporter-output>
  <suite started-at="2022-10-24T20:19:25 EEST" name="tests.MainTest" finished-at="2022-10-24T20:19:25 EEST" duration-ms="12">
    <groups>
    </groups>
    <test started-at="2022-10-24T20:19:25 EEST" name="Command line test" finished-at="2022-10-24T20:19:25 EEST" duration-ms="12">
    </test> <!-- Command line test -->
  </suite> <!-- tests.MainTest -->
</testng-results>
